This is pdfTeX, Version 3.141592653-2.6-1.40.25 (MiKTeX 23.9) (preloaded format=pdflatex 2024.1.16)  7 FEB 2024 12:59
entering extended mode
 restricted \write18 enabled.
 file:line:error style messages enabled.
 %&-line parsing enabled.
**//CMADMIN01/BigDataDev/Projects/HealthProfiling/EdProfilesClone/edprofiles/20
22/health/rcode/scripts/1--csohealthprofile--edname--skannive--galway-county--a
cname--galway-county-council--edguid--2ae19629-230c-13a3-e055-000000000001.tex

(//CMADMIN01/BigDataDev/Projects/HealthProfiling/EdProfilesClone/edprofiles/202
2/health/rcode/scripts/1--csohealthprofile--edname--skannive--galway-county--ac
name--galway-county-council--edguid--2ae19629-230c-13a3-e055-000000000001.tex
LaTeX2e <2023-06-01> patch level 1
L3 programming layer <2023-08-29>
(C:\Program Files\MiKTeX\tex/latex/base\article.cls
Document Class: article 2023/05/17 v1.4n Standard LaTeX document class
(C:\Program Files\MiKTeX\tex/latex/base\size10.clo
File: size10.clo 2023/05/17 v1.4n Standard LaTeX file (size option)
)
\c@part=\count185
\c@section=\count186
\c@subsection=\count187
\c@subsubsection=\count188
\c@paragraph=\count189
\c@subparagraph=\count190
\c@figure=\count191
\c@table=\count192
\abovecaptionskip=\skip48
\belowcaptionskip=\skip49
\bibindent=\dimen140
) (C:\Program Files\MiKTeX\tex/latex/xcolor\xcolor.sty
Package: xcolor 2022/06/12 v2.14 LaTeX color extensions (UK)
(C:\Program Files\MiKTeX\tex/latex/graphics-cfg\color.cfg
File: color.cfg 2016/01/02 v1.6 sample color configuration
)
Package xcolor Info: Driver file: pdftex.def on input line 227.
(C:\Program Files\MiKTeX\tex/latex/graphics-def\pdftex.def
File: pdftex.def 2022/09/22 v1.2b Graphics/color driver for pdftex
) (C:\Users\kellyt\AppData\Roaming\MiKTeX\tex/latex/colortbl\colortbl.sty
Package: colortbl 2022/06/20 v1.0f Color table columns (DPC)
(C:\Program Files\MiKTeX\tex/latex/tools\array.sty
Package: array 2022/09/04 v2.5g Tabular extension package (FMi)
\col@sep=\dimen141
\ar@mcellbox=\box51
\extrarowheight=\dimen142
\NC@list=\toks17
\extratabsurround=\skip50
\backup@length=\skip51
\ar@cellbox=\box52
)
\everycr=\toks18
\minrowclearance=\skip52
\rownum=\count193
) (C:\Program Files\MiKTeX\tex/latex/graphics\mathcolor.ltx)
Package xcolor Info: Model `cmy' substituted by `cmy0' on input line 1353.
Package xcolor Info: Model `hsb' substituted by `rgb' on input line 1357.
Package xcolor Info: Model `RGB' extended on input line 1369.
Package xcolor Info: Model `HTML' substituted by `rgb' on input line 1371.
Package xcolor Info: Model `Hsb' substituted by `hsb' on input line 1372.
Package xcolor Info: Model `tHsb' substituted by `hsb' on input line 1373.
Package xcolor Info: Model `HSB' substituted by `hsb' on input line 1374.
Package xcolor Info: Model `Gray' substituted by `gray' on input line 1375.
Package xcolor Info: Model `wave' substituted by `hsb' on input line 1376.
) (C:\Users\kellyt\AppData\Roaming\MiKTeX\tex/latex/titlepic\titlepic.sty
Package: titlepic 2017/03/14 1.2 Package to display a picture on the title page

) (C:\Program Files\MiKTeX\tex/latex/hyperref\hyperref.sty
Package: hyperref 2023-07-08 v7.01b Hypertext links for LaTeX
(C:\Users\kellyt\AppData\Roaming\MiKTeX\tex/generic/ltxcmds\ltxcmds.sty
Package: ltxcmds 2023-12-04 v1.26 LaTeX kernel commands for general use (HO)
) (C:\Program Files\MiKTeX\tex/generic/iftex\iftex.sty
Package: iftex 2022/02/03 v1.0f TeX engine tests
) (C:\Program Files\MiKTeX\tex/generic/pdftexcmds\pdftexcmds.sty
Package: pdftexcmds 2020-06-27 v0.33 Utility functions of pdfTeX for LuaTeX (HO
)
(C:\Users\kellyt\AppData\Roaming\MiKTeX\tex/generic/infwarerr\infwarerr.sty
Package: infwarerr 2019/12/03 v1.5 Providing info/warning/error messages (HO)
)
Package pdftexcmds Info: \pdf@primitive is available.
Package pdftexcmds Info: \pdf@ifprimitive is available.
Package pdftexcmds Info: \pdfdraftmode found.
) (C:\Program Files\MiKTeX\tex/latex/graphics\keyval.sty
Package: keyval 2022/05/29 v1.15 key=value parser (DPC)
\KV@toks@=\toks19
) (C:\Users\kellyt\AppData\Roaming\MiKTeX\tex/latex/kvsetkeys\kvsetkeys.sty
Package: kvsetkeys 2022-10-05 v1.19 Key value parser (HO)
)
(C:\Users\kellyt\AppData\Roaming\MiKTeX\tex/generic/kvdefinekeys\kvdefinekeys.s
ty
Package: kvdefinekeys 2019-12-19 v1.6 Define keys (HO)
) (C:\Users\kellyt\AppData\Roaming\MiKTeX\tex/generic/pdfescape\pdfescape.sty
Package: pdfescape 2019/12/09 v1.15 Implements pdfTeX's escape features (HO)
) (C:\Users\kellyt\AppData\Roaming\MiKTeX\tex/latex/hycolor\hycolor.sty
Package: hycolor 2020-01-27 v1.10 Color options for hyperref/bookmark (HO)
) (C:\Users\kellyt\AppData\Roaming\MiKTeX\tex/latex/letltxmacro\letltxmacro.sty
Package: letltxmacro 2019/12/03 v1.6 Let assignment for LaTeX macros (HO)
) (C:\Users\kellyt\AppData\Roaming\MiKTeX\tex/latex/auxhook\auxhook.sty
Package: auxhook 2019-12-17 v1.6 Hooks for auxiliary files (HO)
) (C:\Program Files\MiKTeX\tex/latex/hyperref\nameref.sty
Package: nameref 2023-08-07 v2.53 Cross-referencing by name of section
(C:\Users\kellyt\AppData\Roaming\MiKTeX\tex/latex/refcount\refcount.sty
Package: refcount 2019/12/15 v3.6 Data extraction from label references (HO)
)
(C:\Users\kellyt\AppData\Roaming\MiKTeX\tex/generic/gettitlestring\gettitlestri
ng.sty
Package: gettitlestring 2019/12/15 v1.6 Cleanup title references (HO)
(C:\Users\kellyt\AppData\Roaming\MiKTeX\tex/latex/kvoptions\kvoptions.sty
Package: kvoptions 2022-06-15 v3.15 Key value format for package options (HO)
))
\c@section@level=\count194
) (C:\Program Files\MiKTeX\tex/latex/etoolbox\etoolbox.sty
Package: etoolbox 2020/10/05 v2.5k e-TeX tools for LaTeX (JAW)
\etb@tempcnta=\count195
)
\@linkdim=\dimen143
\Hy@linkcounter=\count196
\Hy@pagecounter=\count197
(C:\Program Files\MiKTeX\tex/latex/hyperref\pd1enc.def
File: pd1enc.def 2023-07-08 v7.01b Hyperref: PDFDocEncoding definition (HO)
Now handling font encoding PD1 ...
... no UTF-8 mapping file for font encoding PD1
) (C:\Users\kellyt\AppData\Roaming\MiKTeX\tex/generic/intcalc\intcalc.sty
Package: intcalc 2019/12/15 v1.3 Expandable calculations with integers (HO)
)
\Hy@SavedSpaceFactor=\count198
(C:\Program Files\MiKTeX\tex/latex/hyperref\puenc.def
File: puenc.def 2023-07-08 v7.01b Hyperref: PDF Unicode definition (HO)
Now handling font encoding PU ...
... no UTF-8 mapping file for font encoding PU
)
Package hyperref Info: Hyper figures OFF on input line 4167.
Package hyperref Info: Link nesting OFF on input line 4172.
Package hyperref Info: Hyper index ON on input line 4175.
Package hyperref Info: Plain pages OFF on input line 4182.
Package hyperref Info: Backreferencing OFF on input line 4187.
Package hyperref Info: Implicit mode ON; LaTeX internals redefined.
Package hyperref Info: Bookmarks ON on input line 4434.
\c@Hy@tempcnt=\count199
(C:\Program Files\MiKTeX\tex/latex/url\url.sty
\Urlmuskip=\muskip16
Package: url 2013/09/16  ver 3.4  Verb mode for urls, etc.
)
LaTeX Info: Redefining \url on input line 4772.
\XeTeXLinkMargin=\dimen144
(C:\Users\kellyt\AppData\Roaming\MiKTeX\tex/generic/bitset\bitset.sty
Package: bitset 2019/12/09 v1.3 Handle bit-vector datatype (HO)
(C:\Users\kellyt\AppData\Roaming\MiKTeX\tex/generic/bigintcalc\bigintcalc.sty
Package: bigintcalc 2019/12/15 v1.5 Expandable calculations on big integers (HO
)
))
\Fld@menulength=\count266
\Field@Width=\dimen145
\Fld@charsize=\dimen146
Package hyperref Info: Hyper figures OFF on input line 6051.
Package hyperref Info: Link nesting OFF on input line 6056.
Package hyperref Info: Hyper index ON on input line 6059.
Package hyperref Info: backreferencing OFF on input line 6066.
Package hyperref Info: Link coloring OFF on input line 6071.
Package hyperref Info: Link coloring with OCG OFF on input line 6076.
Package hyperref Info: PDF/A mode OFF on input line 6081.
(C:\Program Files\MiKTeX\tex/latex/base\atbegshi-ltx.sty
Package: atbegshi-ltx 2021/01/10 v1.0c Emulation of the original atbegshi
package with kernel methods
)
\Hy@abspage=\count267
\c@Item=\count268
\c@Hfootnote=\count269
)
Package hyperref Info: Driver (autodetected): hpdftex.
(C:\Program Files\MiKTeX\tex/latex/hyperref\hpdftex.def
File: hpdftex.def 2023-07-08 v7.01b Hyperref driver for pdfTeX
(C:\Program Files\MiKTeX\tex/latex/base\atveryend-ltx.sty
Package: atveryend-ltx 2020/08/19 v1.0a Emulation of the original atveryend pac
kage
with kernel methods
)
\Fld@listcount=\count270
\c@bookmark@seq@number=\count271

(C:\Users\kellyt\AppData\Roaming\MiKTeX\tex/latex/rerunfilecheck\rerunfilecheck
.sty
Package: rerunfilecheck 2022-07-10 v1.10 Rerun checks for auxiliary files (HO)

(C:\Users\kellyt\AppData\Roaming\MiKTeX\tex/generic/uniquecounter\uniquecounter
.sty
Package: uniquecounter 2019/12/15 v1.4 Provide unlimited unique counter (HO)
)
Package uniquecounter Info: New unique counter `rerunfilecheck' on input line 2
85.
)
\Hy@SectionHShift=\skip53
) (C:\Program Files\MiKTeX\tex/latex/amsmath\amsmath.sty
Package: amsmath 2023/05/13 v2.17o AMS math features
\@mathmargin=\skip54
For additional information on amsmath, use the `?' option.
(C:\Program Files\MiKTeX\tex/latex/amsmath\amstext.sty
Package: amstext 2021/08/26 v2.01 AMS text
(C:\Program Files\MiKTeX\tex/latex/amsmath\amsgen.sty
File: amsgen.sty 1999/11/30 v2.0 generic functions
\@emptytoks=\toks20
\ex@=\dimen147
)) (C:\Program Files\MiKTeX\tex/latex/amsmath\amsbsy.sty
Package: amsbsy 1999/11/29 v1.2d Bold Symbols
\pmbraise@=\dimen148
) (C:\Program Files\MiKTeX\tex/latex/amsmath\amsopn.sty
Package: amsopn 2022/04/08 v2.04 operator names
)
\inf@bad=\count272
LaTeX Info: Redefining \frac on input line 234.
\uproot@=\count273
\leftroot@=\count274
LaTeX Info: Redefining \overline on input line 399.
LaTeX Info: Redefining \colon on input line 410.
\classnum@=\count275
\DOTSCASE@=\count276
LaTeX Info: Redefining \ldots on input line 496.
LaTeX Info: Redefining \dots on input line 499.
LaTeX Info: Redefining \cdots on input line 620.
\Mathstrutbox@=\box53
\strutbox@=\box54
LaTeX Info: Redefining \big on input line 722.
LaTeX Info: Redefining \Big on input line 723.
LaTeX Info: Redefining \bigg on input line 724.
LaTeX Info: Redefining \Bigg on input line 725.
\big@size=\dimen149
LaTeX Font Info:    Redeclaring font encoding OML on input line 743.
LaTeX Font Info:    Redeclaring font encoding OMS on input line 744.
\macc@depth=\count277
LaTeX Info: Redefining \bmod on input line 905.
LaTeX Info: Redefining \pmod on input line 910.
LaTeX Info: Redefining \smash on input line 940.
LaTeX Info: Redefining \relbar on input line 970.
LaTeX Info: Redefining \Relbar on input line 971.
\c@MaxMatrixCols=\count278
\dotsspace@=\muskip17
\c@parentequation=\count279
\dspbrk@lvl=\count280
\tag@help=\toks21
\row@=\count281
\column@=\count282
\maxfields@=\count283
\andhelp@=\toks22
\eqnshift@=\dimen150
\alignsep@=\dimen151
\tagshift@=\dimen152
\tagwidth@=\dimen153
\totwidth@=\dimen154
\lineht@=\dimen155
\@envbody=\toks23
\multlinegap=\skip55
\multlinetaggap=\skip56
\mathdisplay@stack=\toks24
LaTeX Info: Redefining \[ on input line 2953.
LaTeX Info: Redefining \] on input line 2954.
) (C:\Users\kellyt\AppData\Roaming\MiKTeX\tex/latex/enumitem\enumitem.sty
Package: enumitem 2019/06/20 v3.9 Customized lists
\labelindent=\skip57
\enit@outerparindent=\dimen156
\enit@toks=\toks25
\enit@inbox=\box55
\enit@count@id=\count284
\enitdp@description=\count285
) (C:\Program Files\MiKTeX\tex/latex/graphics\rotating.sty
Package: rotating 2016/08/11 v2.16d rotated objects in LaTeX
(C:\Program Files\MiKTeX\tex/latex/graphics\graphicx.sty
Package: graphicx 2021/09/16 v1.2d Enhanced LaTeX Graphics (DPC,SPQR)
(C:\Program Files\MiKTeX\tex/latex/graphics\graphics.sty
Package: graphics 2022/03/10 v1.4e Standard LaTeX Graphics (DPC,SPQR)
(C:\Program Files\MiKTeX\tex/latex/graphics\trig.sty
Package: trig 2021/08/11 v1.11 sin cos tan (DPC)
) (C:\Program Files\MiKTeX\tex/latex/graphics-cfg\graphics.cfg
File: graphics.cfg 2016/06/04 v1.11 sample graphics configuration
)
Package graphics Info: Driver file: pdftex.def on input line 107.
)
\Gin@req@height=\dimen157
\Gin@req@width=\dimen158
) (C:\Program Files\MiKTeX\tex/latex/base\ifthen.sty
Package: ifthen 2022/04/13 v1.1d Standard LaTeX ifthen package (DPC)
)
\c@r@tfl@t=\count286
\rotFPtop=\skip58
\rotFPbot=\skip59
\rot@float@box=\box56
\rot@mess@toks=\toks26
) (C:\Users\kellyt\AppData\Roaming\MiKTeX\tex/latex/float\float.sty
Package: float 2001/11/08 v1.3d Float enhancements (AL)
\c@float@type=\count287
\float@exts=\toks27
\float@box=\box57
\@float@everytoks=\toks28
\@floatcapt=\box58
) (C:\Users\kellyt\AppData\Roaming\MiKTeX\tex/latex/multirow\multirow.sty
Package: multirow 2021/03/15 v2.8 Span multiple rows of a table
\multirow@colwidth=\skip60
\multirow@cntb=\count288
\multirow@dima=\skip61
\bigstrutjot=\dimen159
) (C:\Users\kellyt\AppData\Roaming\MiKTeX\tex/latex/geometry\geometry.sty
Package: geometry 2020/01/02 v5.9 Page Geometry
(C:\Program Files\MiKTeX\tex/generic/iftex\ifvtex.sty
Package: ifvtex 2019/10/25 v1.7 ifvtex legacy package. Use iftex instead.
)
\Gm@cnth=\count289
\Gm@cntv=\count290
\c@Gm@tempcnt=\count291
\Gm@bindingoffset=\dimen160
\Gm@wd@mp=\dimen161
\Gm@odd@mp=\dimen162
\Gm@even@mp=\dimen163
\Gm@layoutwidth=\dimen164
\Gm@layoutheight=\dimen165
\Gm@layouthoffset=\dimen166
\Gm@layoutvoffset=\dimen167
\Gm@dimlist=\toks29
(C:\Users\kellyt\AppData\Roaming\MiKTeX\tex/latex/geometry\geometry.cfg)) (C:\U
sers\kellyt\AppData\Roaming\MiKTeX\tex/latex/titling\titling.sty
Package: titling 2009/09/04 v2.1d maketitle typesetting
\thanksmarkwidth=\skip62
\thanksmargin=\skip63
\droptitle=\skip64
) (C:\Users\kellyt\AppData\Roaming\MiKTeX\tex/latex/capt-of\capt-of.sty
Package: capt-of 2009/12/29 v0.2 standard captions outside of floats
) (C:\Users\kellyt\AppData\Roaming\MiKTeX\tex/latex/siunitx\siunitx.sty
Package: siunitx 2023-11-14 v3.3.9 A comprehensive (SI) units package
\l__siunitx_number_uncert_offset_int=\count292
\l__siunitx_number_exponent_fixed_int=\count293
\l__siunitx_number_min_decimal_int=\count294
\l__siunitx_number_min_integer_int=\count295
\l__siunitx_number_round_precision_int=\count296
\l__siunitx_number_lower_threshold_int=\count297
\l__siunitx_number_upper_threshold_int=\count298
\l__siunitx_number_group_first_int=\count299
\l__siunitx_number_group_size_int=\count300
\l__siunitx_number_group_minimum_int=\count301
\l__siunitx_angle_tmp_dim=\dimen168
\l__siunitx_angle_marker_box=\box59
\l__siunitx_angle_unit_box=\box60
\l__siunitx_compound_count_int=\count302

(C:\Users\kellyt\AppData\Roaming\MiKTeX\tex/latex/translations\translations.sty
Package: translations 2022/02/05 v1.12 internationalization of LaTeX2e packages
 (CN)
)
\l__siunitx_table_tmp_box=\box61
\l__siunitx_table_tmp_dim=\dimen169
\l__siunitx_table_column_width_dim=\dimen170
\l__siunitx_table_integer_box=\box62
\l__siunitx_table_decimal_box=\box63
\l__siunitx_table_uncert_box=\box64
\l__siunitx_table_before_box=\box65
\l__siunitx_table_after_box=\box66
\l__siunitx_table_before_dim=\dimen171
\l__siunitx_table_carry_dim=\dimen172
\l__siunitx_unit_tmp_int=\count303
\l__siunitx_unit_position_int=\count304
\l__siunitx_unit_total_int=\count305
) (C:\Program Files\MiKTeX\tex/latex/tools\longtable.sty
Package: longtable 2021-09-01 v4.17 Multi-page Table package (DPC)
\LTleft=\skip65
\LTright=\skip66
\LTpre=\skip67
\LTpost=\skip68
\LTchunksize=\count306
\LTcapwidth=\dimen173
\LT@head=\box67
\LT@firsthead=\box68
\LT@foot=\box69
\LT@lastfoot=\box70
\LT@gbox=\box71
\LT@cols=\count307
\LT@rows=\count308
\c@LT@tables=\count309
\c@LT@chunks=\count310
\LT@p@ftn=\toks30
)
Package hyperref Info: Option `colorlinks' set `true' on input line 27.
(C:/PROGRA~1/R/R-43~1.1/share/texmf/tex/latex\Sweave.sty
Package: Sweave 
(C:\Users\kellyt\AppData\Roaming\MiKTeX\tex/latex/fancyvrb\fancyvrb.sty
Package: fancyvrb 2023/11/06 4.5b verbatim text (tvz,hv)
\FV@CodeLineNo=\count311
\FV@InFile=\read2
\FV@TabBox=\box72
\c@FancyVerbLine=\count312
\FV@StepNumber=\count313
\FV@OutFile=\write3
) (C:\Program Files\MiKTeX\tex/latex/base\textcomp.sty
Package: textcomp 2020/02/02 v2.0n Standard LaTeX package
) (C:\Program Files\MiKTeX\tex/latex/base\fontenc.sty
Package: fontenc 2021/04/29 v2.0v Standard LaTeX package
))
Package translations Info: No language package found. I am going to use `englis
h' as default language. on input line 46.
(C:\Program Files\MiKTeX\tex/latex/l3backend\l3backend-pdftex.def
File: l3backend-pdftex.def 2023-04-19 L3 backend support: PDF output (pdfTeX)
\l__color_backend_stack_int=\count314
\l__pdf_internal_box=\box73
)
(1--csohealthprofile--edname--skannive--galway-county--acname--galway-county-co
uncil--edguid--2ae19629-230c-13a3-e055-000000000001.aux

LaTeX Warning: Label `fig:2ae19629-1a6a-13a3-e055-000000000001' multiply define
d.


LaTeX Warning: Label `fig:2ae19629-1a6a-13a3-e055-000000000001' multiply define
d.


LaTeX Warning: Label `fig:2ae19629-1a6a-13a3-e055-000000000001' multiply define
d.


LaTeX Warning: Label `fig:2ae19629-1a6a-13a3-e055-000000000001' multiply define
d.


LaTeX Warning: Label `fig:2ae19629-1a6a-13a3-e055-000000000001' multiply define
d.


LaTeX Warning: Label `fig:2ae19629-1a6a-13a3-e055-000000000001' multiply define
d.


LaTeX Warning: Label `fig:vbnv' multiply defined.


LaTeX Warning: Label `fig:vbnv' multiply defined.


LaTeX Warning: Label `fig:vbnv' multiply defined.


LaTeX Warning: Label `fig:vbnv' multiply defined.


LaTeX Warning: Label `fig:vbnv' multiply defined.


LaTeX Warning: Label `fig:vbnv' multiply defined.


LaTeX Warning: Label `fig:vbnv' multiply defined.

)
\openout1 = `1--csohealthprofile--edname--skannive--galway-county--acname--galw
ay-county-council--edguid--2ae19629-230c-13a3-e055-000000000001.aux'.

LaTeX Font Info:    Checking defaults for OML/cmm/m/it on input line 46.
LaTeX Font Info:    ... okay on input line 46.
LaTeX Font Info:    Checking defaults for OMS/cmsy/m/n on input line 46.
LaTeX Font Info:    ... okay on input line 46.
LaTeX Font Info:    Checking defaults for OT1/cmr/m/n on input line 46.
LaTeX Font Info:    ... okay on input line 46.
LaTeX Font Info:    Checking defaults for T1/cmr/m/n on input line 46.
LaTeX Font Info:    ... okay on input line 46.
LaTeX Font Info:    Checking defaults for TS1/cmr/m/n on input line 46.
LaTeX Font Info:    ... okay on input line 46.
LaTeX Font Info:    Checking defaults for OMX/cmex/m/n on input line 46.
LaTeX Font Info:    ... okay on input line 46.
LaTeX Font Info:    Checking defaults for U/cmr/m/n on input line 46.
LaTeX Font Info:    ... okay on input line 46.
LaTeX Font Info:    Checking defaults for PD1/pdf/m/n on input line 46.
LaTeX Font Info:    ... okay on input line 46.
LaTeX Font Info:    Checking defaults for PU/pdf/m/n on input line 46.
LaTeX Font Info:    ... okay on input line 46.
(C:\Program Files\MiKTeX\tex/context/base/mkii\supp-pdf.mkii
[Loading MPS to PDF converter (version 2006.09.02).]
\scratchcounter=\count315
\scratchdimen=\dimen174
\scratchbox=\box74
\nofMPsegments=\count316
\nofMParguments=\count317
\everyMPshowfont=\toks31
\MPscratchCnt=\count318
\MPscratchDim=\dimen175
\MPnumerator=\count319
\makeMPintoPDFobject=\count320
\everyMPtoPDFconversion=\toks32
) (C:\Program Files\MiKTeX\tex/latex/epstopdf-pkg\epstopdf-base.sty
Package: epstopdf-base 2020-01-24 v2.11 Base part for package epstopdf
(C:\Users\kellyt\AppData\Roaming\MiKTeX\tex/latex/grfext\grfext.sty
Package: grfext 2019/12/03 v1.3 Manage graphics extensions (HO)
)
Package epstopdf-base Info: Redefining graphics rule for `.eps' on input line 4
85.
Package grfext Info: Graphics extension search list:
(grfext)             [.pdf,.png,.jpg,.mps,.jpeg,.jbig2,.jb2,.PDF,.PNG,.JPG,.JPE
G,.JBIG2,.JB2,.eps]
(grfext)             \AppendGraphicsExtensions on input line 504.
(C:\Program Files\MiKTeX\tex/latex/00miktex\epstopdf-sys.cfg
File: epstopdf-sys.cfg 2021/03/18 v2.0 Configuration of epstopdf for MiKTeX
))
Package hyperref Info: Link coloring ON on input line 46.

(1--csohealthprofile--edname--skannive--galway-county--acname--galway-county-co
uncil--edguid--2ae19629-230c-13a3-e055-000000000001.out)
(1--csohealthprofile--edname--skannive--galway-county--acname--galway-county-co
uncil--edguid--2ae19629-230c-13a3-e055-000000000001.out)
\@outlinefile=\write4
\openout4 = `1--csohealthprofile--edname--skannive--galway-county--acname--galw
ay-county-council--edguid--2ae19629-230c-13a3-e055-000000000001.out'.

*geometry* driver: auto-detecting
*geometry* detected driver: pdftex
*geometry* verbose mode - [ preamble ] result:
* driver: pdftex
* paper: <default>
* layout: <same size as paper>
* layoutoffset:(h,v)=(0.0pt,0.0pt)
* modes: 
* h-part:(L,W,R)=(36.135pt, 542.02501pt, 36.135pt)
* v-part:(T,H,B)=(36.135pt, 722.7pt, 36.135pt)
* \paperwidth=614.295pt
* \paperheight=794.96999pt
* \textwidth=542.02501pt
* \textheight=722.7pt
* \oddsidemargin=-36.135pt
* \evensidemargin=-36.135pt
* \topmargin=-73.135pt
* \headheight=12.0pt
* \headsep=25.0pt
* \topskip=10.0pt
* \footskip=30.0pt
* \marginparwidth=65.0pt
* \marginparsep=11.0pt
* \columnsep=10.0pt
* \skip\footins=9.0pt plus 4.0pt minus 2.0pt
* \hoffset=0.0pt
* \voffset=0.0pt
* \mag=1000
* \@twocolumnfalse
* \@twosidefalse
* \@mparswitchfalse
* \@reversemarginfalse
* (1in=72.27pt=25.4mm, 1cm=28.453pt)


Package siunitx Warning: Tabular column type "S" overwritten with siunitx
(siunitx)                definition.


(C:\Users\kellyt\AppData\Roaming\MiKTeX\tex/latex/translations/dicts\translatio
ns-basic-dictionary-english.trsl
File: translations-basic-dictionary-english.trsl (english translation file `tra
nslations-basic-dictionary')
)
Package translations Info: loading dictionary `translations-basic-dictionary' f
or `english'. on input line 46.

(1--csohealthprofile--edname--skannive--galway-county--acname--galway-county-co
uncil--edguid--2ae19629-230c-13a3-e055-000000000001-concordance.tex)
<../figures/CSO_Logo.png, id=68, 445.665pt x 108.405pt>
File: ../figures/CSO_Logo.png Graphic file (type png)
<use ../figures/CSO_Logo.png>
Package pdftex.def Info: ../figures/CSO_Logo.png  used on input line 53.
(pdftex.def)             Requested size: 213.39566pt x 51.90643pt.
//CMADMIN01/BigDataDev/Projects/HealthProfiling/EdProfilesClone/edprofiles/2022
/health/rcode/scripts/1--csohealthprofile--edname--skannive--galway-county--acn
ame--galway-county-council--edguid--2ae19629-230c-13a3-e055-000000000001.tex:59
: Undefined control sequence.
<argument> CMADMIN 
                   01/BigDataDev/Projects/HealthProfiling/EdProfilesClone/ed...
l.59 ...2ae19629-230c-13a3-e055-000000000001.jpg}}
                                                  
The control sequence at the end of the top line
of your error message was never \def'ed. If you have
misspelled it (e.g., `\hobx'), type `I' and the correct
spelling (e.g., `I\hbox'). Otherwise just continue,
and I'll forget about whatever was undefined.

//CMADMIN01/BigDataDev/Projects/HealthProfiling/EdProfilesClone/edprofiles/2022
/health/rcode/scripts/1--csohealthprofile--edname--skannive--galway-county--acn
ame--galway-county-council--edguid--2ae19629-230c-13a3-e055-000000000001.tex:59
: Undefined control sequence.
<argument> CMADMIN 
                   01/BigDataDev/Projects/HealthProfiling/EdProfilesClone/ed...
l.59 ...2ae19629-230c-13a3-e055-000000000001.jpg}}
                                                  
The control sequence at the end of the top line
of your error message was never \def'ed. If you have
misspelled it (e.g., `\hobx'), type `I' and the correct
spelling (e.g., `I\hbox'). Otherwise just continue,
and I'll forget about whatever was undefined.

//CMADMIN01/BigDataDev/Projects/HealthProfiling/EdProfilesClone/edprofiles/2022
/health/rcode/scripts/1--csohealthprofile--edname--skannive--galway-county--acn
ame--galway-county-council--edguid--2ae19629-230c-13a3-e055-000000000001.tex:59
: Undefined control sequence.
<inserted text> CMADMIN 
                        01/BigDataDev/Projects/HealthProfiling/EdProfilesClo...
l.59 ...2ae19629-230c-13a3-e055-000000000001.jpg}}
                                                  
The control sequence at the end of the top line
of your error message was never \def'ed. If you have
misspelled it (e.g., `\hobx'), type `I' and the correct
spelling (e.g., `I\hbox'). Otherwise just continue,
and I'll forget about whatever was undefined.

//CMADMIN01/BigDataDev/Projects/HealthProfiling/EdProfilesClone/edprofiles/2022
/health/rcode/scripts/1--csohealthprofile--edname--skannive--galway-county--acn
ame--galway-county-council--edguid--2ae19629-230c-13a3-e055-000000000001.tex:59
: Undefined control sequence.
<write> 
LaTeX Warning: File `\CMADMIN 
                                       01/BigDataDev/Projects/HealthProfilin...
l.59 ...2ae19629-230c-13a3-e055-000000000001.jpg}}
                                                  
The control sequence at the end of the top line
of your error message was never \def'ed. If you have
misspelled it (e.g., `\hobx'), type `I' and the correct
spelling (e.g., `I\hbox'). Otherwise just continue,
and I'll forget about whatever was undefined.


LaTeX Warning: File `01/BigDataDev/Projects/HealthProfiling/EdProfilesClone/edp
rofiles/2022/health/rcode/inputs/exportededmaps/2ae19629-230c-13a3-e055-0000000
00001.jpg' not found on input line 59.


//CMADMIN01/BigDataDev/Projects/HealthProfiling/EdProfilesClone/edprofiles/2022
/health/rcode/scripts/1--csohealthprofile--edname--skannive--galway-county--acn
ame--galway-county-council--edguid--2ae19629-230c-13a3-e055-000000000001.tex:59
: Package pdftex.def Error: File `01/BigDataDev/Projects/HealthProfiling/EdProf
ilesClone/edprofiles/2022/health/rcode/inputs/exportededmaps/2ae19629-230c-13a3
-e055-000000000001.jpg' not found: using draft setting.

See the pdftex.def package documentation for explanation.
Type  H <return>  for immediate help.
 ...                                              
                                                  
l.59 ...2ae19629-230c-13a3-e055-000000000001.jpg}}
                                                  
Try typing  <return>  to proceed.
If that doesn't work, type  X <return>  to quit.

LaTeX Font Info:    Trying to load font information for T1+cmtt on input line 5
9.
(C:\Program Files\MiKTeX\tex/latex/base\t1cmtt.fd
File: t1cmtt.fd 2023/04/13 v2.5m Standard LaTeX font definitions
) [1

{C:/Users/kellyt/AppData/Local/MiKTeX/fonts/map/pdftex/pdftex.map}
pdfTeX warning (ext4): destination with the same identifier (name{figure.1}) ha
s been already used, duplicate ignored
<argument> ...shipout:D \box_use:N \l_shipout_box 
                                                  \__shipout_drop_firstpage_...
l.72     	    \tableofcontents
                               <../figures/CSO_Logo.png>]
(1--csohealthprofile--edname--skannive--galway-county--acname--galway-county-co
uncil--edguid--2ae19629-230c-13a3-e055-000000000001.toc)
\tf@toc=\write5
\openout5 = `1--csohealthprofile--edname--skannive--galway-county--acname--galw
ay-county-council--edguid--2ae19629-230c-13a3-e055-000000000001.toc'.

[2] [3]
<../figures/PyramidPlot.pdf, id=111, 505.89pt x 505.89pt>
File: ../figures/PyramidPlot.pdf Graphic file (type pdf)
<use ../figures/PyramidPlot.pdf>
Package pdftex.def Info: ../figures/PyramidPlot.pdf  used on input line 119.
(pdftex.def)             Requested size: 284.52756pt x 284.53154pt.
[4
pdfTeX warning (ext4): destination with the same identifier (name{figure.2}) ha
s been already used, duplicate ignored
<argument> ...shipout:D \box_use:N \l_shipout_box 
                                                  \__shipout_drop_firstpage_...
l.180 
      
pdfTeX warning (ext4): destination with the same identifier (name{table.1}) has
 been already used, duplicate ignored
<argument> ...shipout:D \box_use:N \l_shipout_box 
                                                  \__shipout_drop_firstpage_...
l.180 
       <../figures/PyramidPlot.pdf>]
<../figures/DisED.pdf, id=127, 505.89pt x 505.89pt>
File: ../figures/DisED.pdf Graphic file (type pdf)
<use ../figures/DisED.pdf>
Package pdftex.def Info: ../figures/DisED.pdf  used on input line 184.
(pdftex.def)             Requested size: 369.88582pt x 369.891pt.

Overfull \hbox (6.2768pt too wide) in paragraph at lines 196--196
 []|\T1/cmr/bx/n/10 Population|
 []

[5
pdfTeX warning (ext4): destination with the same identifier (name{figure.3}) ha
s been already used, duplicate ignored
<argument> ...shipout:D \box_use:N \l_shipout_box 
                                                  \__shipout_drop_firstpage_...
l.213 
      
pdfTeX warning (ext4): destination with the same identifier (name{table.2}) has
 been already used, duplicate ignored
<argument> ...shipout:D \box_use:N \l_shipout_box 
                                                  \__shipout_drop_firstpage_...
l.213 
       <../figures/DisED.pdf>]
<../figures/GenED.pdf, id=140, 505.89pt x 505.89pt>
File: ../figures/GenED.pdf Graphic file (type pdf)
<use ../figures/GenED.pdf>
Package pdftex.def Info: ../figures/GenED.pdf  used on input line 218.
(pdftex.def)             Requested size: 426.79134pt x 426.7973pt.
[6
pdfTeX warning (ext4): destination with the same identifier (name{figure.4}) ha
s been already used, duplicate ignored
<argument> ...shipout:D \box_use:N \l_shipout_box 
                                                  \__shipout_drop_firstpage_...
l.244 
      
pdfTeX warning (ext4): destination with the same identifier (name{table.3}) has
 been already used, duplicate ignored
<argument> ...shipout:D \box_use:N \l_shipout_box 
                                                  \__shipout_drop_firstpage_...
l.244 
       <../figures/GenED.pdf>]
<../figures/CareED.pdf, id=153, 505.89pt x 505.89pt>
File: ../figures/CareED.pdf Graphic file (type pdf)
<use ../figures/CareED.pdf>
Package pdftex.def Info: ../figures/CareED.pdf  used on input line 248.
(pdftex.def)             Requested size: 426.79134pt x 426.7973pt.

Overfull \hbox (6.2768pt too wide) in paragraph at lines 260--260
 []|\T1/cmr/bx/n/10 Population|
 []

[7
pdfTeX warning (ext4): destination with the same identifier (name{figure.5}) ha
s been already used, duplicate ignored
<argument> ...shipout:D \box_use:N \l_shipout_box 
                                                  \__shipout_drop_firstpage_...
l.275 
      
pdfTeX warning (ext4): destination with the same identifier (name{table.4}) has
 been already used, duplicate ignored
<argument> ...shipout:D \box_use:N \l_shipout_box 
                                                  \__shipout_drop_firstpage_...
l.275 
       <../figures/CareED.pdf>]
<../figures/VolunteerED.pdf, id=167, 505.89pt x 505.89pt>
File: ../figures/VolunteerED.pdf Graphic file (type pdf)
<use ../figures/VolunteerED.pdf>
Package pdftex.def Info: ../figures/VolunteerED.pdf  used on input line 279.
(pdftex.def)             Requested size: 426.79134pt x 426.7973pt.

Overfull \hbox (6.2768pt too wide) in paragraph at lines 291--291
 []|\T1/cmr/bx/n/10 Population|
 []

[8
pdfTeX warning (ext4): destination with the same identifier (name{figure.6}) ha
s been already used, duplicate ignored
<argument> ...shipout:D \box_use:N \l_shipout_box 
                                                  \__shipout_drop_firstpage_...
l.305 
      
pdfTeX warning (ext4): destination with the same identifier (name{table.5}) has
 been already used, duplicate ignored
<argument> ...shipout:D \box_use:N \l_shipout_box 
                                                  \__shipout_drop_firstpage_...
l.305 
       <../figures/VolunteerED.pdf>]
<../figures/SmokingED.pdf, id=180, 505.89pt x 505.89pt>
File: ../figures/SmokingED.pdf Graphic file (type pdf)
<use ../figures/SmokingED.pdf>
Package pdftex.def Info: ../figures/SmokingED.pdf  used on input line 309.
(pdftex.def)             Requested size: 341.43306pt x 341.43785pt.
[9
pdfTeX warning (ext4): destination with the same identifier (name{figure.7}) ha
s been already used, duplicate ignored
<argument> ...shipout:D \box_use:N \l_shipout_box 
                                                  \__shipout_drop_firstpage_...
l.336 \section
              {Principal Economic Status}\label{sect:PES}
pdfTeX warning (ext4): destination with the same identifier (name{table.6}) has
 been already used, duplicate ignored
<argument> ...shipout:D \box_use:N \l_shipout_box 
                                                  \__shipout_drop_firstpage_...
l.336 \section
              {Principal Economic Status}\label{sect:PES} <../figures/SmokingED
.pdf>]
<../figures/PESED.pdf, id=193, 505.89pt x 505.89pt>
File: ../figures/PESED.pdf Graphic file (type pdf)
<use ../figures/PESED.pdf>
Package pdftex.def Info: ../figures/PESED.pdf  used on input line 339.
(pdftex.def)             Requested size: 398.33858pt x 398.34415pt.
[10
pdfTeX warning (ext4): destination with the same identifier (name{figure.8}) ha
s been already used, duplicate ignored
<argument> ...shipout:D \box_use:N \l_shipout_box 
                                                  \__shipout_drop_firstpage_...
l.370 
      
pdfTeX warning (ext4): destination with the same identifier (name{table.7}) has
 been already used, duplicate ignored
<argument> ...shipout:D \box_use:N \l_shipout_box 
                                                  \__shipout_drop_firstpage_...
l.370 
       <../figures/PESED.pdf>]
<../figures/SocialClassED.pdf, id=206, 505.89pt x 505.89pt>
File: ../figures/SocialClassED.pdf Graphic file (type pdf)
<use ../figures/SocialClassED.pdf>
Package pdftex.def Info: ../figures/SocialClassED.pdf  used on input line 374.
(pdftex.def)             Requested size: 398.33858pt x 398.34415pt.
[11
pdfTeX warning (ext4): destination with the same identifier (name{figure.9}) ha
s been already used, duplicate ignored
<argument> ...shipout:D \box_use:N \l_shipout_box 
                                                  \__shipout_drop_firstpage_...
l.403 \section
              {Education}\label{sect:Edu}
pdfTeX warning (ext4): destination with the same identifier (name{table.8}) has
 been already used, duplicate ignored
<argument> ...shipout:D \box_use:N \l_shipout_box 
                                                  \__shipout_drop_firstpage_...
l.403 \section
              {Education}\label{sect:Edu} <../figures/SocialClassED.pdf>]
<../figures/EduED.pdf, id=219, 505.89pt x 505.89pt>
File: ../figures/EduED.pdf Graphic file (type pdf)
<use ../figures/EduED.pdf>
Package pdftex.def Info: ../figures/EduED.pdf  used on input line 406.
(pdftex.def)             Requested size: 341.43306pt x 341.43785pt.
[12
pdfTeX warning (ext4): destination with the same identifier (name{figure.10}) h
as been already used, duplicate ignored
<argument> ...shipout:D \box_use:N \l_shipout_box 
                                                  \__shipout_drop_firstpage_...
l.438 
      
pdfTeX warning (ext4): destination with the same identifier (name{table.9}) has
 been already used, duplicate ignored
<argument> ...shipout:D \box_use:N \l_shipout_box 
                                                  \__shipout_drop_firstpage_...
l.438 
       <../figures/EduED.pdf>]
<../figures/FamED.pdf, id=232, 505.89pt x 505.89pt>
File: ../figures/FamED.pdf Graphic file (type pdf)
<use ../figures/FamED.pdf>
Package pdftex.def Info: ../figures/FamED.pdf  used on input line 442.
(pdftex.def)             Requested size: 426.79134pt x 426.7973pt.
[13
pdfTeX warning (ext4): destination with the same identifier (name{figure.11}) h
as been already used, duplicate ignored
<argument> ...shipout:D \box_use:N \l_shipout_box 
                                                  \__shipout_drop_firstpage_...
l.467 
      
pdfTeX warning (ext4): destination with the same identifier (name{table.10}) ha
s been already used, duplicate ignored
<argument> ...shipout:D \box_use:N \l_shipout_box 
                                                  \__shipout_drop_firstpage_...
l.467 
       <../figures/FamED.pdf>]
<../figures/BirthED.pdf, id=246, 505.89pt x 505.89pt>
File: ../figures/BirthED.pdf Graphic file (type pdf)
<use ../figures/BirthED.pdf>
Package pdftex.def Info: ../figures/BirthED.pdf  used on input line 471.
(pdftex.def)             Requested size: 369.88582pt x 369.891pt.
[14
pdfTeX warning (ext4): destination with the same identifier (name{figure.12}) h
as been already used, duplicate ignored
<argument> ...shipout:D \box_use:N \l_shipout_box 
                                                  \__shipout_drop_firstpage_...
l.500 
      
pdfTeX warning (ext4): destination with the same identifier (name{table.11}) ha
s been already used, duplicate ignored
<argument> ...shipout:D \box_use:N \l_shipout_box 
                                                  \__shipout_drop_firstpage_...
l.500 
       <../figures/BirthED.pdf>]
<../figures/HouseholdsED.pdf, id=259, 505.89pt x 505.89pt>
File: ../figures/HouseholdsED.pdf Graphic file (type pdf)
<use ../figures/HouseholdsED.pdf>
Package pdftex.def Info: ../figures/HouseholdsED.pdf  used on input line 504.
(pdftex.def)             Requested size: 398.33858pt x 398.34415pt.

Overfull \hbox (9.27187pt too wide) in paragraph at lines 515--515
 []|\T1/cmr/bx/it/10 Households|
 []

[15
pdfTeX warning (ext4): destination with the same identifier (name{figure.13}) h
as been already used, duplicate ignored
<argument> ...shipout:D \box_use:N \l_shipout_box 
                                                  \__shipout_drop_firstpage_...
l.533 
      
pdfTeX warning (ext4): destination with the same identifier (name{table.12}) ha
s been already used, duplicate ignored
<argument> ...shipout:D \box_use:N \l_shipout_box 
                                                  \__shipout_drop_firstpage_...
l.533 
       <../figures/HouseholdsED.pdf>]
<../figures/TravelED.pdf, id=272, 505.89pt x 505.89pt>
File: ../figures/TravelED.pdf Graphic file (type pdf)
<use ../figures/TravelED.pdf>
Package pdftex.def Info: ../figures/TravelED.pdf  used on input line 537.
(pdftex.def)             Requested size: 341.43306pt x 341.43785pt.
[16
pdfTeX warning (ext4): destination with the same identifier (name{figure.14}) h
as been already used, duplicate ignored
<argument> ...shipout:D \box_use:N \l_shipout_box 
                                                  \__shipout_drop_firstpage_...
l.569 
      
pdfTeX warning (ext4): destination with the same identifier (name{table.13}) ha
s been already used, duplicate ignored
<argument> ...shipout:D \box_use:N \l_shipout_box 
                                                  \__shipout_drop_firstpage_...
l.569 
       <../figures/TravelED.pdf>]
<../figures/RenewableEnergyED.pdf, id=285, 505.89pt x 505.89pt>
File: ../figures/RenewableEnergyED.pdf Graphic file (type pdf)
<use ../figures/RenewableEnergyED.pdf>
Package pdftex.def Info: ../figures/RenewableEnergyED.pdf  used on input line 5
73.
(pdftex.def)             Requested size: 398.33858pt x 398.34415pt.

Overfull \hbox (9.27187pt too wide) in paragraph at lines 584--584
 []|\T1/cmr/bx/it/10 Households|
 []

[17
pdfTeX warning (ext4): destination with the same identifier (name{figure.15}) h
as been already used, duplicate ignored
<argument> ...shipout:D \box_use:N \l_shipout_box 
                                                  \__shipout_drop_firstpage_...
l.597 
      
pdfTeX warning (ext4): destination with the same identifier (name{table.14}) ha
s been already used, duplicate ignored
<argument> ...shipout:D \box_use:N \l_shipout_box 
                                                  \__shipout_drop_firstpage_...
l.597 
       <../figures/RenewableEnergyED.pdf>] [18]

LaTeX Warning: `h' float specifier changed to `ht'.


LaTeX Warning: `h' float specifier changed to `ht'.


LaTeX Warning: Float too large for page by 4.0999pt on input line 889.


LaTeX Warning: `h' float specifier changed to `ht'.

[19] [20] [21]
(1--csohealthprofile--edname--skannive--galway-county--acname--galway-county-co
uncil--edguid--2ae19629-230c-13a3-e055-000000000001.aux)
 ***********
LaTeX2e <2023-06-01> patch level 1
L3 programming layer <2023-08-29>
 ***********

LaTeX Warning: There were multiply-defined labels.

Package rerunfilecheck Info: File `1--csohealthprofile--edname--skannive--galwa
y-county--acname--galway-county-council--edguid--2ae19629-230c-13a3-e055-000000
000001.out' has not changed.
(rerunfilecheck)             Checksum: D4031CAD8DEE6EBACA3BAEB4C60019A1;1740.
 ) 
Here is how much of TeX's memory you used:
 15658 strings out of 475247
 310611 string characters out of 5767604
 2011801 words of memory out of 5000000
 36921 multiletter control sequences out of 15000+600000
 568582 words of font info for 60 fonts, out of 8000000 for 9000
 1141 hyphenation exceptions out of 8191
 75i,12n,79p,611b,898s stack positions out of 10000i,1000n,20000p,200000b,200000s
 <C:\Users\kellyt\AppData\Local\MiKTeX\fonts/pk/ljfour/jknappen/ec/dpi600\ecb
i1000.pk> <C:\Users\kellyt\AppData\Local\MiKTeX\fonts/pk/ljfour/jknappen/ec/dpi
600\tcrm1000.pk> <C:\Users\kellyt\AppData\Local\MiKTeX\fonts/pk/ljfour/jknappen
/ec/dpi600\ecbx1000.pk> <C:\Users\kellyt\AppData\Local\MiKTeX\fonts/pk/ljfour/j
knappen/ec/dpi600\ecbx1440.pk> <C:\Users\kellyt\AppData\Local\MiKTeX\fonts/pk/l
jfour/jknappen/ec/dpi600\ecti1000.pk> <C:\Users\kellyt\AppData\Local\MiKTeX\fon
ts/pk/ljfour/jknappen/ec/dpi600\ecrm1200.pk> <C:\Users\kellyt\AppData\Local\MiK
TeX\fonts/pk/ljfour/jknappen/ec/dpi600\ecrm1728.pk> <C:\Users\kellyt\AppData\Lo
cal\MiKTeX\fonts/pk/ljfour/jknappen/ec/dpi600\ecrm1000.pk> <C:\Users\kellyt\App
Data\Local\MiKTeX\fonts/pk/ljfour/jknappen/ec/dpi600\ectt1000.pk><C:/Program Fi
les/MiKTeX/fonts/type1/public/amsfonts/cm/cmmi10.pfb><C:/Program Files/MiKTeX/f
onts/type1/public/amsfonts/cm/cmr10.pfb>
Output written on 1--csohealthprofile--edname--skannive--galway-county--acname-
-galway-county-council--edguid--2ae19629-230c-13a3-e055-000000000001.pdf (21 pa
ges, 262086 bytes).
PDF statistics:
 700 PDF objects out of 1000 (max. 8388607)
 68 named destinations out of 1000 (max. 500000)
 208 words of extra memory for PDF output out of 10000 (max. 10000000)

